<?xml version="1.0" encoding="UTF-8"?>
<!-- Generated by org.testng.reporters.JUnitReportReporter -->
<testsuite hostname="LAPTOP-4OFRI5EK" failures="0" tests="1" name="cucumberOptions.TestRunner" time="56.783" errors="0" timestamp="2020-07-21T08:33:07 VET" skipped="0">
  <testcase classname="cucumberOptions.TestRunner" name="feature" time="56.783"/>
  <system-out/>
</testsuite> <!-- cucumberOptions.TestRunner -->
