<?xml version="1.0" encoding="UTF-8"?>
<!-- Generated by org.testng.reporters.JUnitReportReporter -->
<testsuite hostname="LAPTOP-4OFRI5EK" failures="0" tests="1" name="cucumberOptions.TestRunner" time="101.037" errors="0" timestamp="2020-07-21T10:50:28 VET" skipped="0">
  <testcase classname="cucumberOptions.TestRunner" name="feature" time="101.037"/>
  <system-out/>
</testsuite> <!-- cucumberOptions.TestRunner -->
