<?xml version="1.0" encoding="UTF-8"?>
<!-- Generated by org.testng.reporters.JUnitReportReporter -->
<testsuite hostname="LAPTOP-4OFRI5EK" failures="0" tests="2" name="Academy.HomePage" time="25.628" errors="0" timestamp="2020-07-17T18:55:56 VET" skipped="0">
  <testcase classname="Academy.HomePage" name="basePageNavigation" time="10.240"/>
  <system-out/>
  <testcase classname="Academy.HomePage" name="basePageNavigation" time="15.388"/>
  <system-out/>
</testsuite> <!-- Academy.HomePage -->
